<?xml version="1.0" encoding="UTF-8"?>
<!-- Generated by org.testng.reporters.JUnitReportReporter -->
<testsuite skipped="0" hostname="DESKTOP-GQFH89F" name="testCases.LoginTestPage" tests="1" failures="0" timestamp="06 Jun 2021 17:51:54 GMT" time="10.142" errors="0">
  <testcase name="LoginTest" time="10.142" classname="testCases.LoginTestPage"/>
</testsuite> <!-- testCases.LoginTestPage -->
